[2024-08-14 09:56:40,059: ERROR: 1677525773: An error occurred: [Errno 2] No such file or directory: 'config\\config.yaml']
[2024-08-14 09:59:37,064: ERROR: 1677525773: An error occurred: [Errno 2] No such file or directory: 'config\\config.yaml']
[2024-08-14 13:51:18,332: INFO: common: yaml file: C:\Users\Swarnendu\Desktop\End-to-end-Chest-Cancer-Classification-using-MLflow-DVC\config\config.yaml loaded successfully]
[2024-08-14 13:51:18,340: INFO: common: yaml file: C:\Users\Swarnendu\Desktop\End-to-end-Chest-Cancer-Classification-using-MLflow-DVC\params.yaml loaded successfully]
[2024-08-14 13:51:18,345: INFO: common: created directory at: artifacts]
[2024-08-14 13:51:18,348: INFO: common: created directory at: artifacts\training]
[2024-08-15 19:28:58,859: INFO: common: yaml file: C:\Users\Swarnendu\Desktop\End-to-end-Chest-Cancer-Classification-using-MLflow-DVC\config\config.yaml loaded successfully]
[2024-08-15 19:28:58,873: INFO: common: yaml file: C:\Users\Swarnendu\Desktop\End-to-end-Chest-Cancer-Classification-using-MLflow-DVC\params.yaml loaded successfully]
[2024-08-15 19:28:58,879: INFO: common: created directory at: artifacts]
[2024-08-15 19:28:58,882: INFO: common: created directory at: artifacts\training]
[2024-08-15 20:19:03,330: INFO: common: yaml file: C:\Users\Swarnendu\Desktop\End-to-end-Chest-Cancer-Classification-using-MLflow-DVC\config\config.yaml loaded successfully]
[2024-08-15 20:19:03,339: INFO: common: yaml file: C:\Users\Swarnendu\Desktop\End-to-end-Chest-Cancer-Classification-using-MLflow-DVC\params.yaml loaded successfully]
[2024-08-15 20:19:03,342: INFO: common: created directory at: artifacts]
[2024-08-15 20:19:13,343: INFO: common: yaml file: C:\Users\Swarnendu\Desktop\End-to-end-Chest-Cancer-Classification-using-MLflow-DVC\config\config.yaml loaded successfully]
[2024-08-15 20:19:13,353: INFO: common: yaml file: C:\Users\Swarnendu\Desktop\End-to-end-Chest-Cancer-Classification-using-MLflow-DVC\params.yaml loaded successfully]
[2024-08-15 20:19:13,356: INFO: common: created directory at: artifacts]
[2024-08-15 20:25:56,972: INFO: common: yaml file: C:\Users\Swarnendu\Desktop\End-to-end-Chest-Cancer-Classification-using-MLflow-DVC\config\config.yaml loaded successfully]
[2024-08-15 20:25:56,980: INFO: common: yaml file: C:\Users\Swarnendu\Desktop\End-to-end-Chest-Cancer-Classification-using-MLflow-DVC\params.yaml loaded successfully]
[2024-08-15 20:25:56,986: INFO: common: created directory at: artifacts]
[2024-08-15 20:25:56,991: INFO: common: created directory at: artifacts\training]
[2024-08-15 20:25:58,382: WARNING: hdf5_format: No training configuration found in the save file, so the model was *not* compiled. Compile it manually.]
[2024-08-15 20:34:21,073: INFO: common: yaml file: C:\Users\Swarnendu\Desktop\End-to-end-Chest-Cancer-Classification-using-MLflow-DVC\config\config.yaml loaded successfully]
[2024-08-15 20:34:21,083: INFO: common: yaml file: C:\Users\Swarnendu\Desktop\End-to-end-Chest-Cancer-Classification-using-MLflow-DVC\params.yaml loaded successfully]
[2024-08-15 20:34:21,086: INFO: common: created directory at: artifacts]
[2024-08-15 20:34:21,089: INFO: common: created directory at: artifacts\training]
[2024-08-15 20:34:22,229: WARNING: hdf5_format: No training configuration found in the save file, so the model was *not* compiled. Compile it manually.]
[2024-08-15 20:38:40,475: INFO: common: yaml file: C:\Users\Swarnendu\Desktop\End-to-end-Chest-Cancer-Classification-using-MLflow-DVC\config\config.yaml loaded successfully]
[2024-08-15 20:38:40,487: INFO: common: yaml file: C:\Users\Swarnendu\Desktop\End-to-end-Chest-Cancer-Classification-using-MLflow-DVC\params.yaml loaded successfully]
[2024-08-15 20:38:40,490: INFO: common: created directory at: artifacts]
[2024-08-15 20:38:40,493: INFO: common: created directory at: artifacts\training]
[2024-08-15 20:38:41,755: WARNING: hdf5_format: No training configuration found in the save file, so the model was *not* compiled. Compile it manually.]
[2024-08-15 20:38:49,945: INFO: common: yaml file: C:\Users\Swarnendu\Desktop\End-to-end-Chest-Cancer-Classification-using-MLflow-DVC\config\config.yaml loaded successfully]
[2024-08-15 20:38:49,954: INFO: common: yaml file: C:\Users\Swarnendu\Desktop\End-to-end-Chest-Cancer-Classification-using-MLflow-DVC\params.yaml loaded successfully]
[2024-08-15 20:38:49,957: INFO: common: created directory at: artifacts]
[2024-08-15 20:38:49,959: INFO: common: created directory at: artifacts\training]
[2024-08-15 20:38:50,677: WARNING: hdf5_format: No training configuration found in the save file, so the model was *not* compiled. Compile it manually.]
[2024-08-15 20:39:56,595: INFO: common: yaml file: C:\Users\Swarnendu\Desktop\End-to-end-Chest-Cancer-Classification-using-MLflow-DVC\config\config.yaml loaded successfully]
[2024-08-15 20:39:56,603: INFO: common: yaml file: C:\Users\Swarnendu\Desktop\End-to-end-Chest-Cancer-Classification-using-MLflow-DVC\params.yaml loaded successfully]
[2024-08-15 20:39:56,607: INFO: common: created directory at: artifacts]
[2024-08-15 20:39:56,611: INFO: common: created directory at: artifacts\training]
[2024-08-15 20:39:57,415: WARNING: hdf5_format: No training configuration found in the save file, so the model was *not* compiled. Compile it manually.]
[2024-08-15 20:40:03,372: INFO: common: yaml file: C:\Users\Swarnendu\Desktop\End-to-end-Chest-Cancer-Classification-using-MLflow-DVC\config\config.yaml loaded successfully]
[2024-08-15 20:40:03,384: INFO: common: yaml file: C:\Users\Swarnendu\Desktop\End-to-end-Chest-Cancer-Classification-using-MLflow-DVC\params.yaml loaded successfully]
[2024-08-15 20:40:03,387: INFO: common: created directory at: artifacts]
[2024-08-15 20:40:03,391: INFO: common: created directory at: artifacts\training]
[2024-08-15 20:40:04,221: WARNING: hdf5_format: No training configuration found in the save file, so the model was *not* compiled. Compile it manually.]
[2024-08-15 20:46:39,291: INFO: common: yaml file: C:\Users\Swarnendu\Desktop\End-to-end-Chest-Cancer-Classification-using-MLflow-DVC\config\config.yaml loaded successfully]
[2024-08-15 20:46:39,302: INFO: common: yaml file: C:\Users\Swarnendu\Desktop\End-to-end-Chest-Cancer-Classification-using-MLflow-DVC\params.yaml loaded successfully]
[2024-08-15 20:46:39,306: INFO: common: created directory at: artifacts]
[2024-08-15 20:46:39,308: INFO: common: created directory at: artifacts\training]
[2024-08-15 20:46:40,268: WARNING: hdf5_format: No training configuration found in the save file, so the model was *not* compiled. Compile it manually.]
[2024-08-15 20:48:55,897: INFO: common: yaml file: C:\Users\Swarnendu\Desktop\End-to-end-Chest-Cancer-Classification-using-MLflow-DVC\config\config.yaml loaded successfully]
[2024-08-15 20:48:55,904: INFO: common: yaml file: C:\Users\Swarnendu\Desktop\End-to-end-Chest-Cancer-Classification-using-MLflow-DVC\params.yaml loaded successfully]
[2024-08-15 20:48:55,909: INFO: common: created directory at: artifacts]
[2024-08-15 20:48:55,913: INFO: common: created directory at: artifacts\training]
[2024-08-15 20:48:56,745: WARNING: hdf5_format: No training configuration found in the save file, so the model was *not* compiled. Compile it manually.]
[2024-08-15 20:55:27,267: INFO: common: yaml file: C:\Users\Swarnendu\Desktop\End-to-end-Chest-Cancer-Classification-using-MLflow-DVC\config\config.yaml loaded successfully]
[2024-08-15 20:55:27,275: INFO: common: yaml file: C:\Users\Swarnendu\Desktop\End-to-end-Chest-Cancer-Classification-using-MLflow-DVC\params.yaml loaded successfully]
[2024-08-15 20:55:27,278: INFO: common: created directory at: artifacts]
[2024-08-15 20:55:27,280: INFO: common: created directory at: artifacts\training]
[2024-08-15 20:55:28,438: WARNING: hdf5_format: No training configuration found in the save file, so the model was *not* compiled. Compile it manually.]
[2024-08-15 20:56:17,834: INFO: common: yaml file: C:\Users\Swarnendu\Desktop\End-to-end-Chest-Cancer-Classification-using-MLflow-DVC\config\config.yaml loaded successfully]
[2024-08-15 20:56:17,844: INFO: common: yaml file: C:\Users\Swarnendu\Desktop\End-to-end-Chest-Cancer-Classification-using-MLflow-DVC\params.yaml loaded successfully]
[2024-08-15 20:56:17,848: INFO: common: created directory at: artifacts]
[2024-08-15 20:56:17,852: INFO: common: created directory at: artifacts\training]
[2024-08-15 20:56:18,692: WARNING: hdf5_format: No training configuration found in the save file, so the model was *not* compiled. Compile it manually.]
[2024-08-15 20:59:58,781: INFO: common: yaml file: C:\Users\Swarnendu\Desktop\End-to-end-Chest-Cancer-Classification-using-MLflow-DVC\config\config.yaml loaded successfully]
[2024-08-15 20:59:58,795: INFO: common: yaml file: C:\Users\Swarnendu\Desktop\End-to-end-Chest-Cancer-Classification-using-MLflow-DVC\params.yaml loaded successfully]
[2024-08-15 20:59:58,799: INFO: common: created directory at: artifacts]
[2024-08-15 20:59:58,805: INFO: common: created directory at: artifacts\training]
[2024-08-15 20:59:59,924: WARNING: hdf5_format: No training configuration found in the save file, so the model was *not* compiled. Compile it manually.]
[2024-08-15 21:01:09,194: INFO: common: yaml file: C:\Users\Swarnendu\Desktop\End-to-end-Chest-Cancer-Classification-using-MLflow-DVC\config\config.yaml loaded successfully]
[2024-08-15 21:01:09,202: INFO: common: yaml file: C:\Users\Swarnendu\Desktop\End-to-end-Chest-Cancer-Classification-using-MLflow-DVC\params.yaml loaded successfully]
[2024-08-15 21:01:09,208: INFO: common: created directory at: artifacts]
[2024-08-15 21:01:09,211: INFO: common: created directory at: artifacts\training]
[2024-08-15 21:01:10,482: WARNING: hdf5_format: No training configuration found in the save file, so the model was *not* compiled. Compile it manually.]
[2024-08-16 16:57:39,835: INFO: common: yaml file: config\config.yaml loaded successfully]
[2024-08-16 16:57:39,855: INFO: common: yaml file: params.yaml loaded successfully]
[2024-08-16 16:57:39,859: INFO: common: created directory at: artifacts]
[2024-08-16 19:26:21,233: INFO: common: yaml file: config\config.yaml loaded successfully]
[2024-08-16 19:26:21,255: INFO: common: yaml file: params.yaml loaded successfully]
[2024-08-16 19:26:21,257: INFO: common: created directory at: artifacts]
[2024-08-16 19:30:28,147: INFO: common: yaml file: config\config.yaml loaded successfully]
[2024-08-16 19:30:28,157: INFO: common: yaml file: params.yaml loaded successfully]
[2024-08-16 19:30:28,159: INFO: common: created directory at: artifacts]
[2024-08-16 19:31:03,664: INFO: common: json file saved at: scores.json]
[2024-08-16 19:31:12,926: INFO: builder_impl: Assets written to: C:\Users\SWARNE~1\AppData\Local\Temp\tmp3hpc7t_j\model\data\model\assets]
[2024-08-16 19:39:06,409: INFO: common: yaml file: config\config.yaml loaded successfully]
[2024-08-16 19:39:06,419: INFO: common: yaml file: params.yaml loaded successfully]
[2024-08-16 19:39:06,423: INFO: common: created directory at: artifacts]
[2024-08-16 19:39:56,428: INFO: common: json file saved at: scores.json]
[2024-08-16 19:40:07,159: INFO: builder_impl: Assets written to: C:\Users\SWARNE~1\AppData\Local\Temp\tmps11kty2n\model\data\model\assets]
[2024-08-17 08:39:53,562: INFO: 3269062234: Downloading data from your_google_drive_url into file C:\Users\Swarnendu\Desktop\End-to-end-Chest-Cancer-Classification-using-MLflow-DVC\artifacts\data_ingestion\data.zip]
[2024-08-17 08:39:53,567: ERROR: 3269062234: Failed to download file: list index out of range]
[2024-08-17 08:43:36,343: INFO: 4089949233: Downloading data from https://drive.google.com/file/d/1z0mreUtRmR-P-magILsDR3T7M6IkGXtY/view?usp=sharing into file C:\Users\Swarnendu\Desktop\End-to-end-Chest-Cancer-Classification-using-MLflow-DVC\artifacts\data_ingestion\data.zip]
[2024-08-17 08:43:43,492: ERROR: 4089949233: Failed to download file: 'WindowsPath' object has no attribute 'write']
[2024-08-17 08:46:23,978: INFO: 2329065939: Downloading data from https://drive.google.com/file/d/1z0mreUtRmR-P-magILsDR3T7M6IkGXtY/view?usp=sharing into file C:\Users\Swarnendu\Desktop\End-to-end-Chest-Cancer-Classification-using-MLflow-DVC\artifacts\data_ingestion\data.zip]
[2024-08-17 08:47:11,818: INFO: 2329065939: Downloaded data from https://drive.google.com/file/d/1z0mreUtRmR-P-magILsDR3T7M6IkGXtY/view?usp=sharing into file C:\Users\Swarnendu\Desktop\End-to-end-Chest-Cancer-Classification-using-MLflow-DVC\artifacts\data_ingestion\data.zip]
[2024-08-17 09:05:17,486: INFO: 2329065939: Downloading data from https://drive.google.com/file/d/1z0mreUtRmR-P-magILsDR3T7M6IkGXtY/view?usp=sharing into file C:\Users\Swarnendu\Desktop\End-to-end-Chest-Cancer-Classification-using-MLflow-DVC\artifacts\data_ingestion\data.zip]
[2024-08-17 09:06:08,066: INFO: 2329065939: Downloaded data from https://drive.google.com/file/d/1z0mreUtRmR-P-magILsDR3T7M6IkGXtY/view?usp=sharing into file C:\Users\Swarnendu\Desktop\End-to-end-Chest-Cancer-Classification-using-MLflow-DVC\artifacts\data_ingestion\data.zip]
[2024-08-17 13:08:02,985: INFO: common: yaml file: C:\Users\Swarnendu\Desktop\End-to-end-Chest-Cancer-Classification-using-MLflow-DVC\config\config.yaml loaded successfully]
[2024-08-17 13:08:02,995: INFO: common: yaml file: C:\Users\Swarnendu\Desktop\End-to-end-Chest-Cancer-Classification-using-MLflow-DVC\params.yaml loaded successfully]
[2024-08-17 13:08:02,998: INFO: common: created directory at: artifacts]
[2024-08-17 13:08:03,001: INFO: common: created directory at: artifacts/prepare_base_model]
[2024-08-17 13:08:04,517: WARNING: saving_utils: Compiled the loaded model, but the compiled metrics have yet to be built. `model.compile_metrics` will be empty until you train or evaluate the model.]
[2024-08-17 13:08:15,517: INFO: common: yaml file: C:\Users\Swarnendu\Desktop\End-to-end-Chest-Cancer-Classification-using-MLflow-DVC\config\config.yaml loaded successfully]
[2024-08-17 13:08:15,523: INFO: common: yaml file: C:\Users\Swarnendu\Desktop\End-to-end-Chest-Cancer-Classification-using-MLflow-DVC\params.yaml loaded successfully]
[2024-08-17 13:08:15,526: INFO: common: created directory at: artifacts]
[2024-08-17 13:08:15,528: INFO: common: created directory at: artifacts/prepare_base_model]
[2024-08-17 13:08:16,606: WARNING: saving_utils: Compiled the loaded model, but the compiled metrics have yet to be built. `model.compile_metrics` will be empty until you train or evaluate the model.]
[2024-08-17 13:09:17,737: INFO: common: yaml file: C:\Users\Swarnendu\Desktop\End-to-end-Chest-Cancer-Classification-using-MLflow-DVC\config\config.yaml loaded successfully]
[2024-08-17 13:09:17,743: INFO: common: yaml file: C:\Users\Swarnendu\Desktop\End-to-end-Chest-Cancer-Classification-using-MLflow-DVC\params.yaml loaded successfully]
[2024-08-17 13:09:17,749: INFO: common: created directory at: artifacts]
[2024-08-17 13:09:17,751: INFO: common: created directory at: artifacts/prepare_base_model]
[2024-08-17 13:09:19,151: WARNING: saving_utils: Compiled the loaded model, but the compiled metrics have yet to be built. `model.compile_metrics` will be empty until you train or evaluate the model.]
[2024-08-17 13:09:58,986: INFO: common: yaml file: C:\Users\Swarnendu\Desktop\End-to-end-Chest-Cancer-Classification-using-MLflow-DVC\config\config.yaml loaded successfully]
[2024-08-17 13:09:58,994: INFO: common: yaml file: C:\Users\Swarnendu\Desktop\End-to-end-Chest-Cancer-Classification-using-MLflow-DVC\params.yaml loaded successfully]
[2024-08-17 13:09:58,997: INFO: common: created directory at: artifacts]
[2024-08-17 13:09:59,000: INFO: common: created directory at: artifacts/prepare_base_model]
[2024-08-17 13:10:00,279: WARNING: saving_utils: Compiled the loaded model, but the compiled metrics have yet to be built. `model.compile_metrics` will be empty until you train or evaluate the model.]
[2024-08-17 13:13:51,938: INFO: common: yaml file: C:\Users\Swarnendu\Desktop\End-to-end-Chest-Cancer-Classification-using-MLflow-DVC\config\config.yaml loaded successfully]
[2024-08-17 13:13:51,946: INFO: common: yaml file: C:\Users\Swarnendu\Desktop\End-to-end-Chest-Cancer-Classification-using-MLflow-DVC\params.yaml loaded successfully]
[2024-08-17 13:13:51,949: INFO: common: created directory at: artifacts]
[2024-08-17 13:13:51,952: INFO: common: created directory at: artifacts/prepare_base_model]
[2024-08-17 13:13:52,825: WARNING: saving_utils: Compiled the loaded model, but the compiled metrics have yet to be built. `model.compile_metrics` will be empty until you train or evaluate the model.]
[2024-08-17 13:18:47,509: INFO: common: yaml file: C:\Users\Swarnendu\Desktop\End-to-end-Chest-Cancer-Classification-using-MLflow-DVC\config\config.yaml loaded successfully]
[2024-08-17 13:18:47,517: INFO: common: yaml file: C:\Users\Swarnendu\Desktop\End-to-end-Chest-Cancer-Classification-using-MLflow-DVC\params.yaml loaded successfully]
[2024-08-17 13:18:47,520: INFO: common: created directory at: artifacts]
[2024-08-17 13:18:47,523: INFO: common: created directory at: C:/Users/Swarnendu/Desktop/End-to-end-Chest-Cancer-Classification-using-MLflow-DVC/artifacts/prepare_base_model]
[2024-08-17 13:18:49,022: WARNING: saving_utils: Compiled the loaded model, but the compiled metrics have yet to be built. `model.compile_metrics` will be empty until you train or evaluate the model.]
[2024-08-17 13:21:29,133: INFO: common: yaml file: C:\Users\Swarnendu\Desktop\End-to-end-Chest-Cancer-Classification-using-MLflow-DVC\config\config.yaml loaded successfully]
[2024-08-17 13:21:29,144: INFO: common: yaml file: C:\Users\Swarnendu\Desktop\End-to-end-Chest-Cancer-Classification-using-MLflow-DVC\params.yaml loaded successfully]
[2024-08-17 13:21:29,147: INFO: common: created directory at: artifacts]
[2024-08-17 13:21:29,151: INFO: common: created directory at: artifacts\training]
[2024-08-17 13:21:30,073: WARNING: hdf5_format: No training configuration found in the save file, so the model was *not* compiled. Compile it manually.]
[2024-08-17 13:22:23,502: INFO: common: yaml file: C:\Users\Swarnendu\Desktop\End-to-end-Chest-Cancer-Classification-using-MLflow-DVC\config\config.yaml loaded successfully]
[2024-08-17 13:22:23,510: INFO: common: yaml file: C:\Users\Swarnendu\Desktop\End-to-end-Chest-Cancer-Classification-using-MLflow-DVC\params.yaml loaded successfully]
[2024-08-17 13:22:23,517: INFO: common: created directory at: artifacts]
[2024-08-17 13:22:23,520: INFO: common: created directory at: artifacts\training]
[2024-08-17 13:24:05,167: INFO: common: yaml file: C:\Users\Swarnendu\Desktop\End-to-end-Chest-Cancer-Classification-using-MLflow-DVC\config\config.yaml loaded successfully]
[2024-08-17 13:24:05,176: INFO: common: yaml file: C:\Users\Swarnendu\Desktop\End-to-end-Chest-Cancer-Classification-using-MLflow-DVC\params.yaml loaded successfully]
[2024-08-17 13:24:05,179: INFO: common: created directory at: artifacts]
[2024-08-17 13:24:05,184: INFO: common: created directory at: artifacts\training]
[2024-08-17 13:24:06,145: WARNING: hdf5_format: No training configuration found in the save file, so the model was *not* compiled. Compile it manually.]
[2024-08-17 13:34:43,966: INFO: common: yaml file: C:\Users\Swarnendu\Desktop\End-to-end-Chest-Cancer-Classification-using-MLflow-DVC\config\config.yaml loaded successfully]
[2024-08-17 13:34:43,974: INFO: common: yaml file: C:\Users\Swarnendu\Desktop\End-to-end-Chest-Cancer-Classification-using-MLflow-DVC\params.yaml loaded successfully]
[2024-08-17 13:34:43,979: INFO: common: created directory at: artifacts]
[2024-08-17 13:34:43,983: INFO: common: created directory at: C:\Users\Swarnendu\Desktop\End-to-end-Chest-Cancer-Classification-using-MLflow-DVC\artifacts\training]
[2024-08-17 13:34:45,142: WARNING: hdf5_format: No training configuration found in the save file, so the model was *not* compiled. Compile it manually.]
